{"C:\\Users\\User\\ChatbotCode\\App\\App.js": {"path":"C:\\Users\\User\\ChatbotCode\\App\\App.js","statementMap":{"0":{"start":{"line":7,"column":14},"end":{"line":13,"column":1}},"1":{"start":{"line":8,"column":2},"end":{"line":12,"column":4}}},"fnMap":{"0":{"name":"(anonymous_0)","decl":{"start":{"line":7,"column":14},"end":{"line":7,"column":15}},"loc":{"start":{"line":7,"column":20},"end":{"line":13,"column":1}},"line":7}},"branchMap":{},"s":{"0":0,"1":0},"f":{"0":0},"b":{}}
,"C:\\Users\\User\\ChatbotCode\\App\\src\\firebase.js": {"path":"C:\\Users\\User\\ChatbotCode\\App\\src\\firebase.js","statementMap":{"0":{"start":{"line":7,"column":23},"end":{"line":14,"column":1}},"1":{"start":{"line":17,"column":19},"end":{"line":17,"column":48}},"2":{"start":{"line":18,"column":20},"end":{"line":18,"column":32}},"3":{"start":{"line":19,"column":18},"end":{"line":19,"column":32}}},"fnMap":{},"branchMap":{},"s":{"0":3,"1":3,"2":3,"3":3},"f":{},"b":{},"_coverageSchema":"1a1c01bbd47fc00a2c39e90264f33305004495a9","hash":"a382a81c5c5e99fe9a013cced3ab5f0da3e0ec40"}
,"C:\\Users\\User\\ChatbotCode\\App\\src\\components\\Navigator\\StackBar.js": {"path":"C:\\Users\\User\\ChatbotCode\\App\\src\\components\\Navigator\\StackBar.js","statementMap":{"0":{"start":{"line":14,"column":14},"end":{"line":14,"column":42}},"1":{"start":{"line":17,"column":2},"end":{"line":94,"column":4}},"2":{"start":{"line":42,"column":28},"end":{"line":42,"column":33}},"3":{"start":{"line":51,"column":28},"end":{"line":51,"column":33}},"4":{"start":{"line":61,"column":28},"end":{"line":61,"column":33}},"5":{"start":{"line":73,"column":28},"end":{"line":73,"column":33}},"6":{"start":{"line":85,"column":28},"end":{"line":85,"column":33}},"7":{"start":{"line":98,"column":2},"end":{"line":102,"column":4}}},"fnMap":{"0":{"name":"MyStack","decl":{"start":{"line":16,"column":9},"end":{"line":16,"column":16}},"loc":{"start":{"line":16,"column":19},"end":{"line":95,"column":1}},"line":16},"1":{"name":"(anonymous_1)","decl":{"start":{"line":42,"column":22},"end":{"line":42,"column":23}},"loc":{"start":{"line":42,"column":28},"end":{"line":42,"column":33}},"line":42},"2":{"name":"(anonymous_2)","decl":{"start":{"line":51,"column":22},"end":{"line":51,"column":23}},"loc":{"start":{"line":51,"column":28},"end":{"line":51,"column":33}},"line":51},"3":{"name":"(anonymous_3)","decl":{"start":{"line":61,"column":22},"end":{"line":61,"column":23}},"loc":{"start":{"line":61,"column":28},"end":{"line":61,"column":33}},"line":61},"4":{"name":"(anonymous_4)","decl":{"start":{"line":73,"column":22},"end":{"line":73,"column":23}},"loc":{"start":{"line":73,"column":28},"end":{"line":73,"column":33}},"line":73},"5":{"name":"(anonymous_5)","decl":{"start":{"line":85,"column":22},"end":{"line":85,"column":23}},"loc":{"start":{"line":85,"column":28},"end":{"line":85,"column":33}},"line":85},"6":{"name":"StackNavigation","decl":{"start":{"line":97,"column":24},"end":{"line":97,"column":39}},"loc":{"start":{"line":97,"column":42},"end":{"line":103,"column":1}},"line":97}},"branchMap":{},"s":{"0":0,"1":0,"2":0,"3":0,"4":0,"5":0,"6":0,"7":0},"f":{"0":0,"1":0,"2":0,"3":0,"4":0,"5":0,"6":0},"b":{}}
,"C:\\Users\\User\\ChatbotCode\\App\\src\\components\\Navigator\\TobBarNavigator.js": {"path":"C:\\Users\\User\\ChatbotCode\\App\\src\\components\\Navigator\\TobBarNavigator.js","statementMap":{"0":{"start":{"line":10,"column":12},"end":{"line":10,"column":43}},"1":{"start":{"line":13,"column":17},"end":{"line":13,"column":36}},"2":{"start":{"line":14,"column":2},"end":{"line":34,"column":4}},"3":{"start":{"line":38,"column":2},"end":{"line":42,"column":4}}},"fnMap":{"0":{"name":"MyTab","decl":{"start":{"line":12,"column":9},"end":{"line":12,"column":14}},"loc":{"start":{"line":12,"column":17},"end":{"line":35,"column":1}},"line":12},"1":{"name":"TopBarNavigator","decl":{"start":{"line":37,"column":24},"end":{"line":37,"column":39}},"loc":{"start":{"line":37,"column":42},"end":{"line":43,"column":1}},"line":37}},"branchMap":{},"s":{"0":0,"1":0,"2":0,"3":0},"f":{"0":0,"1":0},"b":{}}
,"C:\\Users\\User\\ChatbotCode\\App\\src\\screens\\Chat\\Chat.js": {"path":"C:\\Users\\User\\ChatbotCode\\App\\src\\screens\\Chat\\Chat.js","statementMap":{"0":{"start":{"line":19,"column":13},"end":{"line":216,"column":1}},"1":{"start":{"line":20,"column":34},"end":{"line":20,"column":46}},"2":{"start":{"line":22,"column":42},"end":{"line":22,"column":57}},"3":{"start":{"line":23,"column":21},"end":{"line":23,"column":36}},"4":{"start":{"line":25,"column":2},"end":{"line":48,"column":9}},"5":{"start":{"line":26,"column":23},"end":{"line":40,"column":5}},"6":{"start":{"line":27,"column":6},"end":{"line":38,"column":8}},"7":{"start":{"line":33,"column":27},"end":{"line":33,"column":31}},"8":{"start":{"line":36,"column":40},"end":{"line":36,"column":61}},"9":{"start":{"line":39,"column":6},"end":{"line":39,"column":18}},"10":{"start":{"line":42,"column":24},"end":{"line":45,"column":5}},"11":{"start":{"line":47,"column":4},"end":{"line":47,"column":38}},"12":{"start":{"line":47,"column":17},"end":{"line":47,"column":37}},"13":{"start":{"line":50,"column":2},"end":{"line":63,"column":9}},"14":{"start":{"line":51,"column":4},"end":{"line":62,"column":7}},"15":{"start":{"line":65,"column":22},"end":{"line":72,"column":3}},"16":{"start":{"line":66,"column":4},"end":{"line":71,"column":44}},"17":{"start":{"line":68,"column":8},"end":{"line":68,"column":43}},"18":{"start":{"line":69,"column":8},"end":{"line":69,"column":38}},"19":{"start":{"line":71,"column":24},"end":{"line":71,"column":42}},"20":{"start":{"line":75,"column":25},"end":{"line":99,"column":3}},"21":{"start":{"line":76,"column":32},"end":{"line":80,"column":5}},"22":{"start":{"line":82,"column":4},"end":{"line":98,"column":9}},"23":{"start":{"line":85,"column":26},"end":{"line":92,"column":9}},"24":{"start":{"line":93,"column":8},"end":{"line":93,"column":28}},"25":{"start":{"line":94,"column":8},"end":{"line":94,"column":38}},"26":{"start":{"line":97,"column":8},"end":{"line":97,"column":27}},"27":{"start":{"line":101,"column":17},"end":{"line":105,"column":8}},"28":{"start":{"line":102,"column":4},"end":{"line":104,"column":6}},"29":{"start":{"line":103,"column":6},"end":{"line":103,"column":50}},"30":{"start":{"line":107,"column":2},"end":{"line":215,"column":4}},"31":{"start":{"line":115,"column":10},"end":{"line":115,"column":48}},"32":{"start":{"line":116,"column":10},"end":{"line":116,"column":41}},"33":{"start":{"line":130,"column":29},"end":{"line":130,"column":59}},"34":{"start":{"line":140,"column":25},"end":{"line":140,"column":56}},"35":{"start":{"line":150,"column":25},"end":{"line":150,"column":46}},"36":{"start":{"line":165,"column":25},"end":{"line":165,"column":54}},"37":{"start":{"line":183,"column":25},"end":{"line":183,"column":38}},"38":{"start":{"line":207,"column":10},"end":{"line":207,"column":32}},"39":{"start":{"line":208,"column":10},"end":{"line":208,"column":53}},"40":{"start":{"line":218,"column":15},"end":{"line":305,"column":2}}},"fnMap":{"0":{"name":"(anonymous_0)","decl":{"start":{"line":19,"column":13},"end":{"line":19,"column":14}},"loc":{"start":{"line":19,"column":19},"end":{"line":216,"column":1}},"line":19},"1":{"name":"(anonymous_1)","decl":{"start":{"line":25,"column":12},"end":{"line":25,"column":13}},"loc":{"start":{"line":25,"column":18},"end":{"line":48,"column":3}},"line":25},"2":{"name":"(anonymous_2)","decl":{"start":{"line":26,"column":23},"end":{"line":26,"column":24}},"loc":{"start":{"line":26,"column":29},"end":{"line":40,"column":5}},"line":26},"3":{"name":"(anonymous_3)","decl":{"start":{"line":33,"column":21},"end":{"line":33,"column":22}},"loc":{"start":{"line":33,"column":27},"end":{"line":33,"column":31}},"line":33},"4":{"name":"(anonymous_4)","decl":{"start":{"line":36,"column":34},"end":{"line":36,"column":35}},"loc":{"start":{"line":36,"column":40},"end":{"line":36,"column":61}},"line":36},"5":{"name":"(anonymous_5)","decl":{"start":{"line":47,"column":11},"end":{"line":47,"column":12}},"loc":{"start":{"line":47,"column":17},"end":{"line":47,"column":37}},"line":47},"6":{"name":"(anonymous_6)","decl":{"start":{"line":50,"column":12},"end":{"line":50,"column":13}},"loc":{"start":{"line":50,"column":18},"end":{"line":63,"column":3}},"line":50},"7":{"name":"(anonymous_7)","decl":{"start":{"line":65,"column":22},"end":{"line":65,"column":23}},"loc":{"start":{"line":65,"column":28},"end":{"line":72,"column":3}},"line":65},"8":{"name":"(anonymous_8)","decl":{"start":{"line":67,"column":12},"end":{"line":67,"column":13}},"loc":{"start":{"line":67,"column":18},"end":{"line":70,"column":7}},"line":67},"9":{"name":"(anonymous_9)","decl":{"start":{"line":71,"column":13},"end":{"line":71,"column":14}},"loc":{"start":{"line":71,"column":24},"end":{"line":71,"column":42}},"line":71},"10":{"name":"(anonymous_10)","decl":{"start":{"line":75,"column":25},"end":{"line":75,"column":26}},"loc":{"start":{"line":75,"column":39},"end":{"line":99,"column":3}},"line":75},"11":{"name":"(anonymous_11)","decl":{"start":{"line":83,"column":12},"end":{"line":83,"column":13}},"loc":{"start":{"line":83,"column":21},"end":{"line":95,"column":7}},"line":83},"12":{"name":"(anonymous_12)","decl":{"start":{"line":96,"column":13},"end":{"line":96,"column":14}},"loc":{"start":{"line":96,"column":24},"end":{"line":98,"column":7}},"line":96},"13":{"name":"(anonymous_13)","decl":{"start":{"line":101,"column":29},"end":{"line":101,"column":30}},"loc":{"start":{"line":101,"column":48},"end":{"line":105,"column":3}},"line":101},"14":{"name":"(anonymous_14)","decl":{"start":{"line":102,"column":16},"end":{"line":102,"column":17}},"loc":{"start":{"line":103,"column":6},"end":{"line":103,"column":50}},"line":103},"15":{"name":"(anonymous_15)","decl":{"start":{"line":114,"column":24},"end":{"line":114,"column":25}},"loc":{"start":{"line":114,"column":30},"end":{"line":117,"column":9}},"line":114},"16":{"name":"(anonymous_16)","decl":{"start":{"line":130,"column":23},"end":{"line":130,"column":24}},"loc":{"start":{"line":130,"column":29},"end":{"line":130,"column":59}},"line":130},"17":{"name":"(anonymous_17)","decl":{"start":{"line":140,"column":19},"end":{"line":140,"column":20}},"loc":{"start":{"line":140,"column":25},"end":{"line":140,"column":56}},"line":140},"18":{"name":"(anonymous_18)","decl":{"start":{"line":150,"column":19},"end":{"line":150,"column":20}},"loc":{"start":{"line":150,"column":25},"end":{"line":150,"column":46}},"line":150},"19":{"name":"(anonymous_19)","decl":{"start":{"line":165,"column":19},"end":{"line":165,"column":20}},"loc":{"start":{"line":165,"column":25},"end":{"line":165,"column":54}},"line":165},"20":{"name":"(anonymous_20)","decl":{"start":{"line":183,"column":19},"end":{"line":183,"column":20}},"loc":{"start":{"line":183,"column":25},"end":{"line":183,"column":38}},"line":183},"21":{"name":"(anonymous_21)","decl":{"start":{"line":206,"column":16},"end":{"line":206,"column":17}},"loc":{"start":{"line":206,"column":30},"end":{"line":209,"column":9}},"line":206}},"branchMap":{"0":{"loc":{"start":{"line":101,"column":30},"end":{"line":101,"column":43}},"type":"default-arg","locations":[{"start":{"line":101,"column":41},"end":{"line":101,"column":43}}],"line":101}},"s":{"0":1,"1":4,"2":4,"3":4,"4":4,"5":1,"6":0,"7":0,"8":0,"9":0,"10":1,"11":1,"12":0,"13":4,"14":1,"15":4,"16":1,"17":0,"18":0,"19":0,"20":4,"21":1,"22":1,"23":0,"24":0,"25":0,"26":0,"27":4,"28":1,"29":1,"30":4,"31":0,"32":0,"33":0,"34":0,"35":1,"36":0,"37":1,"38":1,"39":1,"40":1},"f":{"0":4,"1":1,"2":0,"3":0,"4":0,"5":0,"6":1,"7":1,"8":0,"9":0,"10":1,"11":0,"12":0,"13":1,"14":1,"15":0,"16":0,"17":0,"18":1,"19":0,"20":1,"21":1},"b":{"0":[0]},"_coverageSchema":"1a1c01bbd47fc00a2c39e90264f33305004495a9","hash":"a4e2758c0fa6550ff5e7d7a54795fdbcfad250f3"}
,"C:\\Users\\User\\ChatbotCode\\App\\src\\screens\\Chat\\index.js": {"path":"C:\\Users\\User\\ChatbotCode\\App\\src\\screens\\Chat\\index.js","statementMap":{},"fnMap":{},"branchMap":{},"s":{},"f":{},"b":{}}
,"C:\\Users\\User\\ChatbotCode\\App\\src\\screens\\Help\\Help.js": {"path":"C:\\Users\\User\\ChatbotCode\\App\\src\\screens\\Help\\Help.js","statementMap":{"0":{"start":{"line":6,"column":13},"end":{"line":41,"column":1}},"1":{"start":{"line":7,"column":34},"end":{"line":7,"column":46}},"2":{"start":{"line":9,"column":2},"end":{"line":22,"column":9}},"3":{"start":{"line":10,"column":4},"end":{"line":21,"column":7}},"4":{"start":{"line":24,"column":17},"end":{"line":28,"column":8}},"5":{"start":{"line":25,"column":4},"end":{"line":27,"column":6}},"6":{"start":{"line":26,"column":6},"end":{"line":26,"column":50}},"7":{"start":{"line":30,"column":2},"end":{"line":40,"column":4}},"8":{"start":{"line":34,"column":30},"end":{"line":34,"column":46}},"9":{"start":{"line":43,"column":15},"end":{"line":48,"column":2}}},"fnMap":{"0":{"name":"(anonymous_0)","decl":{"start":{"line":6,"column":13},"end":{"line":6,"column":14}},"loc":{"start":{"line":6,"column":19},"end":{"line":41,"column":1}},"line":6},"1":{"name":"(anonymous_1)","decl":{"start":{"line":9,"column":12},"end":{"line":9,"column":13}},"loc":{"start":{"line":9,"column":18},"end":{"line":22,"column":3}},"line":9},"2":{"name":"(anonymous_2)","decl":{"start":{"line":24,"column":29},"end":{"line":24,"column":30}},"loc":{"start":{"line":24,"column":48},"end":{"line":28,"column":3}},"line":24},"3":{"name":"(anonymous_3)","decl":{"start":{"line":25,"column":16},"end":{"line":25,"column":17}},"loc":{"start":{"line":26,"column":6},"end":{"line":26,"column":50}},"line":26},"4":{"name":"(anonymous_4)","decl":{"start":{"line":34,"column":16},"end":{"line":34,"column":17}},"loc":{"start":{"line":34,"column":30},"end":{"line":34,"column":46}},"line":34}},"branchMap":{"0":{"loc":{"start":{"line":24,"column":30},"end":{"line":24,"column":43}},"type":"default-arg","locations":[{"start":{"line":24,"column":41},"end":{"line":24,"column":43}}],"line":24}},"s":{"0":0,"1":0,"2":0,"3":0,"4":0,"5":0,"6":0,"7":0,"8":0,"9":0},"f":{"0":0,"1":0,"2":0,"3":0,"4":0},"b":{"0":[0]}}
,"C:\\Users\\User\\ChatbotCode\\App\\src\\screens\\Help\\index.js": {"path":"C:\\Users\\User\\ChatbotCode\\App\\src\\screens\\Help\\index.js","statementMap":{},"fnMap":{},"branchMap":{},"s":{},"f":{},"b":{}}
,"C:\\Users\\User\\ChatbotCode\\App\\src\\screens\\LogInScreen\\LogInScreen.js": {"path":"C:\\Users\\User\\ChatbotCode\\App\\src\\screens\\LogInScreen\\LogInScreen.js","statementMap":{"0":{"start":{"line":14,"column":20},"end":{"line":94,"column":1}},"1":{"start":{"line":15,"column":28},"end":{"line":15,"column":42}},"2":{"start":{"line":16,"column":34},"end":{"line":16,"column":48}},"3":{"start":{"line":17,"column":21},"end":{"line":17,"column":36}},"4":{"start":{"line":19,"column":2},"end":{"line":28,"column":9}},"5":{"start":{"line":20,"column":23},"end":{"line":25,"column":6}},"6":{"start":{"line":21,"column":6},"end":{"line":24,"column":7}},"7":{"start":{"line":22,"column":8},"end":{"line":22,"column":48}},"8":{"start":{"line":23,"column":8},"end":{"line":23,"column":38}},"9":{"start":{"line":27,"column":4},"end":{"line":27,"column":22}},"10":{"start":{"line":30,"column":22},"end":{"line":38,"column":3}},"11":{"start":{"line":31,"column":4},"end":{"line":37,"column":46}},"12":{"start":{"line":33,"column":21},"end":{"line":33,"column":41}},"13":{"start":{"line":34,"column":8},"end":{"line":34,"column":52}},"14":{"start":{"line":35,"column":8},"end":{"line":35,"column":38}},"15":{"start":{"line":37,"column":24},"end":{"line":37,"column":44}},"16":{"start":{"line":40,"column":2},"end":{"line":93,"column":4}},"17":{"start":{"line":58,"column":34},"end":{"line":58,"column":48}},"18":{"start":{"line":69,"column":34},"end":{"line":69,"column":51}},"19":{"start":{"line":85,"column":10},"end":{"line":85,"column":42}},"20":{"start":{"line":95,"column":15},"end":{"line":149,"column":2}}},"fnMap":{"0":{"name":"(anonymous_0)","decl":{"start":{"line":14,"column":20},"end":{"line":14,"column":21}},"loc":{"start":{"line":14,"column":26},"end":{"line":94,"column":1}},"line":14},"1":{"name":"(anonymous_1)","decl":{"start":{"line":19,"column":12},"end":{"line":19,"column":13}},"loc":{"start":{"line":19,"column":18},"end":{"line":28,"column":3}},"line":19},"2":{"name":"(anonymous_2)","decl":{"start":{"line":20,"column":48},"end":{"line":20,"column":49}},"loc":{"start":{"line":20,"column":58},"end":{"line":25,"column":5}},"line":20},"3":{"name":"(anonymous_3)","decl":{"start":{"line":30,"column":22},"end":{"line":30,"column":23}},"loc":{"start":{"line":30,"column":28},"end":{"line":38,"column":3}},"line":30},"4":{"name":"(anonymous_4)","decl":{"start":{"line":32,"column":12},"end":{"line":32,"column":13}},"loc":{"start":{"line":32,"column":33},"end":{"line":36,"column":7}},"line":32},"5":{"name":"(anonymous_5)","decl":{"start":{"line":37,"column":13},"end":{"line":37,"column":14}},"loc":{"start":{"line":37,"column":24},"end":{"line":37,"column":44}},"line":37},"6":{"name":"(anonymous_6)","decl":{"start":{"line":58,"column":24},"end":{"line":58,"column":25}},"loc":{"start":{"line":58,"column":34},"end":{"line":58,"column":48}},"line":58},"7":{"name":"(anonymous_7)","decl":{"start":{"line":69,"column":24},"end":{"line":69,"column":25}},"loc":{"start":{"line":69,"column":34},"end":{"line":69,"column":51}},"line":69},"8":{"name":"(anonymous_8)","decl":{"start":{"line":84,"column":17},"end":{"line":84,"column":18}},"loc":{"start":{"line":84,"column":23},"end":{"line":86,"column":9}},"line":84}},"branchMap":{"0":{"loc":{"start":{"line":21,"column":6},"end":{"line":24,"column":7}},"type":"if","locations":[{"start":{"line":21,"column":6},"end":{"line":24,"column":7}},{"start":{},"end":{}}],"line":21}},"s":{"0":1,"1":1,"2":1,"3":1,"4":1,"5":0,"6":0,"7":0,"8":0,"9":0,"10":1,"11":1,"12":0,"13":0,"14":0,"15":0,"16":1,"17":0,"18":0,"19":0,"20":1},"f":{"0":1,"1":0,"2":0,"3":1,"4":0,"5":0,"6":0,"7":0,"8":0},"b":{"0":[0,0]},"_coverageSchema":"1a1c01bbd47fc00a2c39e90264f33305004495a9","hash":"1bad7b2cb5fddc288933e8639152c2a006ac1e4d"}
,"C:\\Users\\User\\ChatbotCode\\App\\src\\screens\\LogInScreen\\index.js": {"path":"C:\\Users\\User\\ChatbotCode\\App\\src\\screens\\LogInScreen\\index.js","statementMap":{},"fnMap":{},"branchMap":{},"s":{},"f":{},"b":{}}
,"C:\\Users\\User\\ChatbotCode\\App\\src\\screens\\QueryBot\\QueryBot.js": {"path":"C:\\Users\\User\\ChatbotCode\\App\\src\\screens\\QueryBot\\QueryBot.js","statementMap":{"0":{"start":{"line":19,"column":17},"end":{"line":215,"column":1}},"1":{"start":{"line":20,"column":34},"end":{"line":20,"column":46}},"2":{"start":{"line":22,"column":42},"end":{"line":22,"column":57}},"3":{"start":{"line":23,"column":21},"end":{"line":23,"column":36}},"4":{"start":{"line":25,"column":2},"end":{"line":48,"column":9}},"5":{"start":{"line":26,"column":23},"end":{"line":40,"column":5}},"6":{"start":{"line":27,"column":6},"end":{"line":38,"column":8}},"7":{"start":{"line":33,"column":27},"end":{"line":33,"column":31}},"8":{"start":{"line":36,"column":40},"end":{"line":36,"column":61}},"9":{"start":{"line":39,"column":6},"end":{"line":39,"column":18}},"10":{"start":{"line":42,"column":24},"end":{"line":45,"column":5}},"11":{"start":{"line":47,"column":4},"end":{"line":47,"column":38}},"12":{"start":{"line":47,"column":17},"end":{"line":47,"column":37}},"13":{"start":{"line":50,"column":2},"end":{"line":63,"column":9}},"14":{"start":{"line":51,"column":4},"end":{"line":62,"column":7}},"15":{"start":{"line":65,"column":22},"end":{"line":72,"column":3}},"16":{"start":{"line":66,"column":4},"end":{"line":71,"column":44}},"17":{"start":{"line":68,"column":8},"end":{"line":68,"column":43}},"18":{"start":{"line":69,"column":8},"end":{"line":69,"column":38}},"19":{"start":{"line":71,"column":24},"end":{"line":71,"column":42}},"20":{"start":{"line":75,"column":25},"end":{"line":99,"column":3}},"21":{"start":{"line":76,"column":32},"end":{"line":80,"column":5}},"22":{"start":{"line":82,"column":4},"end":{"line":98,"column":9}},"23":{"start":{"line":85,"column":26},"end":{"line":92,"column":9}},"24":{"start":{"line":93,"column":8},"end":{"line":93,"column":28}},"25":{"start":{"line":94,"column":8},"end":{"line":94,"column":38}},"26":{"start":{"line":97,"column":8},"end":{"line":97,"column":27}},"27":{"start":{"line":101,"column":17},"end":{"line":105,"column":8}},"28":{"start":{"line":102,"column":4},"end":{"line":104,"column":6}},"29":{"start":{"line":103,"column":6},"end":{"line":103,"column":50}},"30":{"start":{"line":107,"column":2},"end":{"line":214,"column":4}},"31":{"start":{"line":114,"column":10},"end":{"line":114,"column":48}},"32":{"start":{"line":115,"column":10},"end":{"line":115,"column":41}},"33":{"start":{"line":132,"column":29},"end":{"line":132,"column":59}},"34":{"start":{"line":142,"column":25},"end":{"line":142,"column":54}},"35":{"start":{"line":151,"column":25},"end":{"line":151,"column":46}},"36":{"start":{"line":166,"column":25},"end":{"line":166,"column":54}},"37":{"start":{"line":183,"column":25},"end":{"line":183,"column":38}},"38":{"start":{"line":206,"column":10},"end":{"line":206,"column":32}},"39":{"start":{"line":207,"column":10},"end":{"line":207,"column":53}},"40":{"start":{"line":217,"column":15},"end":{"line":304,"column":2}}},"fnMap":{"0":{"name":"(anonymous_0)","decl":{"start":{"line":19,"column":17},"end":{"line":19,"column":18}},"loc":{"start":{"line":19,"column":23},"end":{"line":215,"column":1}},"line":19},"1":{"name":"(anonymous_1)","decl":{"start":{"line":25,"column":12},"end":{"line":25,"column":13}},"loc":{"start":{"line":25,"column":18},"end":{"line":48,"column":3}},"line":25},"2":{"name":"(anonymous_2)","decl":{"start":{"line":26,"column":23},"end":{"line":26,"column":24}},"loc":{"start":{"line":26,"column":29},"end":{"line":40,"column":5}},"line":26},"3":{"name":"(anonymous_3)","decl":{"start":{"line":33,"column":21},"end":{"line":33,"column":22}},"loc":{"start":{"line":33,"column":27},"end":{"line":33,"column":31}},"line":33},"4":{"name":"(anonymous_4)","decl":{"start":{"line":36,"column":34},"end":{"line":36,"column":35}},"loc":{"start":{"line":36,"column":40},"end":{"line":36,"column":61}},"line":36},"5":{"name":"(anonymous_5)","decl":{"start":{"line":47,"column":11},"end":{"line":47,"column":12}},"loc":{"start":{"line":47,"column":17},"end":{"line":47,"column":37}},"line":47},"6":{"name":"(anonymous_6)","decl":{"start":{"line":50,"column":12},"end":{"line":50,"column":13}},"loc":{"start":{"line":50,"column":18},"end":{"line":63,"column":3}},"line":50},"7":{"name":"(anonymous_7)","decl":{"start":{"line":65,"column":22},"end":{"line":65,"column":23}},"loc":{"start":{"line":65,"column":28},"end":{"line":72,"column":3}},"line":65},"8":{"name":"(anonymous_8)","decl":{"start":{"line":67,"column":12},"end":{"line":67,"column":13}},"loc":{"start":{"line":67,"column":18},"end":{"line":70,"column":7}},"line":67},"9":{"name":"(anonymous_9)","decl":{"start":{"line":71,"column":13},"end":{"line":71,"column":14}},"loc":{"start":{"line":71,"column":24},"end":{"line":71,"column":42}},"line":71},"10":{"name":"(anonymous_10)","decl":{"start":{"line":75,"column":25},"end":{"line":75,"column":26}},"loc":{"start":{"line":75,"column":39},"end":{"line":99,"column":3}},"line":75},"11":{"name":"(anonymous_11)","decl":{"start":{"line":83,"column":12},"end":{"line":83,"column":13}},"loc":{"start":{"line":83,"column":21},"end":{"line":95,"column":7}},"line":83},"12":{"name":"(anonymous_12)","decl":{"start":{"line":96,"column":13},"end":{"line":96,"column":14}},"loc":{"start":{"line":96,"column":24},"end":{"line":98,"column":7}},"line":96},"13":{"name":"(anonymous_13)","decl":{"start":{"line":101,"column":29},"end":{"line":101,"column":30}},"loc":{"start":{"line":101,"column":48},"end":{"line":105,"column":3}},"line":101},"14":{"name":"(anonymous_14)","decl":{"start":{"line":102,"column":16},"end":{"line":102,"column":17}},"loc":{"start":{"line":103,"column":6},"end":{"line":103,"column":50}},"line":103},"15":{"name":"(anonymous_15)","decl":{"start":{"line":113,"column":24},"end":{"line":113,"column":25}},"loc":{"start":{"line":113,"column":30},"end":{"line":116,"column":9}},"line":113},"16":{"name":"(anonymous_16)","decl":{"start":{"line":132,"column":23},"end":{"line":132,"column":24}},"loc":{"start":{"line":132,"column":29},"end":{"line":132,"column":59}},"line":132},"17":{"name":"(anonymous_17)","decl":{"start":{"line":142,"column":19},"end":{"line":142,"column":20}},"loc":{"start":{"line":142,"column":25},"end":{"line":142,"column":54}},"line":142},"18":{"name":"(anonymous_18)","decl":{"start":{"line":151,"column":19},"end":{"line":151,"column":20}},"loc":{"start":{"line":151,"column":25},"end":{"line":151,"column":46}},"line":151},"19":{"name":"(anonymous_19)","decl":{"start":{"line":166,"column":19},"end":{"line":166,"column":20}},"loc":{"start":{"line":166,"column":25},"end":{"line":166,"column":54}},"line":166},"20":{"name":"(anonymous_20)","decl":{"start":{"line":183,"column":19},"end":{"line":183,"column":20}},"loc":{"start":{"line":183,"column":25},"end":{"line":183,"column":38}},"line":183},"21":{"name":"(anonymous_21)","decl":{"start":{"line":205,"column":16},"end":{"line":205,"column":17}},"loc":{"start":{"line":205,"column":30},"end":{"line":208,"column":9}},"line":205}},"branchMap":{"0":{"loc":{"start":{"line":101,"column":30},"end":{"line":101,"column":43}},"type":"default-arg","locations":[{"start":{"line":101,"column":41},"end":{"line":101,"column":43}}],"line":101}},"s":{"0":0,"1":0,"2":0,"3":0,"4":0,"5":0,"6":0,"7":0,"8":0,"9":0,"10":0,"11":0,"12":0,"13":0,"14":0,"15":0,"16":0,"17":0,"18":0,"19":0,"20":0,"21":0,"22":0,"23":0,"24":0,"25":0,"26":0,"27":0,"28":0,"29":0,"30":0,"31":0,"32":0,"33":0,"34":0,"35":0,"36":0,"37":0,"38":0,"39":0,"40":0},"f":{"0":0,"1":0,"2":0,"3":0,"4":0,"5":0,"6":0,"7":0,"8":0,"9":0,"10":0,"11":0,"12":0,"13":0,"14":0,"15":0,"16":0,"17":0,"18":0,"19":0,"20":0,"21":0},"b":{"0":[0]}}
,"C:\\Users\\User\\ChatbotCode\\App\\src\\screens\\QueryBot\\index.js": {"path":"C:\\Users\\User\\ChatbotCode\\App\\src\\screens\\QueryBot\\index.js","statementMap":{},"fnMap":{},"branchMap":{},"s":{},"f":{},"b":{}}
,"C:\\Users\\User\\ChatbotCode\\App\\src\\screens\\Report\\Report.js": {"path":"C:\\Users\\User\\ChatbotCode\\App\\src\\screens\\Report\\Report.js","statementMap":{"0":{"start":{"line":19,"column":13},"end":{"line":23,"column":1}},"1":{"start":{"line":25,"column":15},"end":{"line":175,"column":1}},"2":{"start":{"line":26,"column":37},"end":{"line":26,"column":49}},"3":{"start":{"line":27,"column":40},"end":{"line":27,"column":52}},"4":{"start":{"line":28,"column":42},"end":{"line":28,"column":57}},"5":{"start":{"line":29,"column":28},"end":{"line":29,"column":42}},"6":{"start":{"line":30,"column":32},"end":{"line":30,"column":47}},"7":{"start":{"line":33,"column":20},"end":{"line":47,"column":3}},"8":{"start":{"line":35,"column":4},"end":{"line":46,"column":5}},"9":{"start":{"line":36,"column":6},"end":{"line":45,"column":8}},"10":{"start":{"line":41,"column":14},"end":{"line":41,"column":32}},"11":{"start":{"line":49,"column":2},"end":{"line":174,"column":4}},"12":{"start":{"line":56,"column":10},"end":{"line":56,"column":48}},"13":{"start":{"line":57,"column":10},"end":{"line":57,"column":41}},"14":{"start":{"line":70,"column":29},"end":{"line":70,"column":59}},"15":{"start":{"line":93,"column":25},"end":{"line":93,"column":41}},"16":{"start":{"line":94,"column":24},"end":{"line":94,"column":41}},"17":{"start":{"line":96,"column":12},"end":{"line":96,"column":33}},"18":{"start":{"line":97,"column":12},"end":{"line":97,"column":30}},"19":{"start":{"line":100,"column":12},"end":{"line":106,"column":14}},"20":{"start":{"line":111,"column":41},"end":{"line":111,"column":66}},"21":{"start":{"line":118,"column":41},"end":{"line":118,"column":67}},"22":{"start":{"line":125,"column":41},"end":{"line":125,"column":62}},"23":{"start":{"line":142,"column":10},"end":{"line":167,"column":11}},"24":{"start":{"line":143,"column":12},"end":{"line":154,"column":14}},"25":{"start":{"line":149,"column":33},"end":{"line":149,"column":62}},"26":{"start":{"line":152,"column":46},"end":{"line":152,"column":57}},"27":{"start":{"line":156,"column":12},"end":{"line":166,"column":14}},"28":{"start":{"line":162,"column":33},"end":{"line":162,"column":62}},"29":{"start":{"line":177,"column":15},"end":{"line":275,"column":2}}},"fnMap":{"0":{"name":"(anonymous_0)","decl":{"start":{"line":25,"column":15},"end":{"line":25,"column":16}},"loc":{"start":{"line":25,"column":21},"end":{"line":175,"column":1}},"line":25},"1":{"name":"(anonymous_1)","decl":{"start":{"line":33,"column":20},"end":{"line":33,"column":21}},"loc":{"start":{"line":33,"column":26},"end":{"line":47,"column":3}},"line":33},"2":{"name":"(anonymous_2)","decl":{"start":{"line":41,"column":8},"end":{"line":41,"column":9}},"loc":{"start":{"line":41,"column":14},"end":{"line":41,"column":32}},"line":41},"3":{"name":"(anonymous_3)","decl":{"start":{"line":55,"column":24},"end":{"line":55,"column":25}},"loc":{"start":{"line":55,"column":30},"end":{"line":58,"column":9}},"line":55},"4":{"name":"(anonymous_4)","decl":{"start":{"line":70,"column":23},"end":{"line":70,"column":24}},"loc":{"start":{"line":70,"column":29},"end":{"line":70,"column":59}},"line":70},"5":{"name":"(anonymous_5)","decl":{"start":{"line":93,"column":19},"end":{"line":93,"column":20}},"loc":{"start":{"line":93,"column":25},"end":{"line":93,"column":41}},"line":93},"6":{"name":"(anonymous_6)","decl":{"start":{"line":94,"column":18},"end":{"line":94,"column":19}},"loc":{"start":{"line":94,"column":24},"end":{"line":94,"column":41}},"line":94},"7":{"name":"(anonymous_7)","decl":{"start":{"line":95,"column":20},"end":{"line":95,"column":21}},"loc":{"start":{"line":95,"column":30},"end":{"line":98,"column":11}},"line":95},"8":{"name":"(anonymous_8)","decl":{"start":{"line":99,"column":26},"end":{"line":99,"column":27}},"loc":{"start":{"line":100,"column":12},"end":{"line":106,"column":14}},"line":100},"9":{"name":"(anonymous_9)","decl":{"start":{"line":111,"column":35},"end":{"line":111,"column":36}},"loc":{"start":{"line":111,"column":41},"end":{"line":111,"column":66}},"line":111},"10":{"name":"(anonymous_10)","decl":{"start":{"line":118,"column":35},"end":{"line":118,"column":36}},"loc":{"start":{"line":118,"column":41},"end":{"line":118,"column":67}},"line":118},"11":{"name":"(anonymous_11)","decl":{"start":{"line":125,"column":35},"end":{"line":125,"column":36}},"loc":{"start":{"line":125,"column":41},"end":{"line":125,"column":62}},"line":125},"12":{"name":"(anonymous_12)","decl":{"start":{"line":141,"column":17},"end":{"line":141,"column":18}},"loc":{"start":{"line":141,"column":23},"end":{"line":168,"column":9}},"line":141},"13":{"name":"(anonymous_13)","decl":{"start":{"line":149,"column":27},"end":{"line":149,"column":28}},"loc":{"start":{"line":149,"column":33},"end":{"line":149,"column":62}},"line":149},"14":{"name":"(anonymous_14)","decl":{"start":{"line":152,"column":40},"end":{"line":152,"column":41}},"loc":{"start":{"line":152,"column":46},"end":{"line":152,"column":57}},"line":152},"15":{"name":"(anonymous_15)","decl":{"start":{"line":162,"column":27},"end":{"line":162,"column":28}},"loc":{"start":{"line":162,"column":33},"end":{"line":162,"column":62}},"line":162}},"branchMap":{"0":{"loc":{"start":{"line":35,"column":4},"end":{"line":46,"column":5}},"type":"if","locations":[{"start":{"line":35,"column":4},"end":{"line":46,"column":5}},{"start":{},"end":{}}],"line":35},"1":{"loc":{"start":{"line":83,"column":35},"end":{"line":83,"column":69}},"type":"binary-expr","locations":[{"start":{"line":83,"column":35},"end":{"line":83,"column":42}},{"start":{"line":83,"column":46},"end":{"line":83,"column":69}}],"line":83},"2":{"loc":{"start":{"line":91,"column":23},"end":{"line":91,"column":68}},"type":"cond-expr","locations":[{"start":{"line":91,"column":34},"end":{"line":91,"column":60}},{"start":{"line":91,"column":63},"end":{"line":91,"column":68}}],"line":91},"3":{"loc":{"start":{"line":103,"column":21},"end":{"line":103,"column":47}},"type":"cond-expr","locations":[{"start":{"line":103,"column":31},"end":{"line":103,"column":37}},{"start":{"line":103,"column":40},"end":{"line":103,"column":47}}],"line":103},"4":{"loc":{"start":{"line":113,"column":19},"end":{"line":113,"column":78}},"type":"cond-expr","locations":[{"start":{"line":113,"column":47},"end":{"line":113,"column":60}},{"start":{"line":113,"column":63},"end":{"line":113,"column":78}}],"line":113},"5":{"loc":{"start":{"line":120,"column":19},"end":{"line":120,"column":79}},"type":"cond-expr","locations":[{"start":{"line":120,"column":48},"end":{"line":120,"column":61}},{"start":{"line":120,"column":64},"end":{"line":120,"column":79}}],"line":120},"6":{"loc":{"start":{"line":126,"column":23},"end":{"line":126,"column":78}},"type":"cond-expr","locations":[{"start":{"line":126,"column":47},"end":{"line":126,"column":60}},{"start":{"line":126,"column":63},"end":{"line":126,"column":78}}],"line":126},"7":{"loc":{"start":{"line":142,"column":10},"end":{"line":167,"column":11}},"type":"if","locations":[{"start":{"line":142,"column":10},"end":{"line":167,"column":11}},{"start":{"line":155,"column":17},"end":{"line":167,"column":11}}],"line":142},"8":{"loc":{"start":{"line":142,"column":14},"end":{"line":142,"column":68}},"type":"binary-expr","locations":[{"start":{"line":142,"column":14},"end":{"line":142,"column":30}},{"start":{"line":142,"column":34},"end":{"line":142,"column":47}},{"start":{"line":142,"column":51},"end":{"line":142,"column":68}}],"line":142}},"s":{"0":1,"1":1,"2":1,"3":1,"4":1,"5":1,"6":1,"7":1,"8":0,"9":0,"10":0,"11":1,"12":0,"13":0,"14":0,"15":0,"16":0,"17":0,"18":0,"19":1,"20":0,"21":0,"22":0,"23":0,"24":0,"25":0,"26":0,"27":0,"28":0,"29":1},"f":{"0":1,"1":0,"2":0,"3":0,"4":0,"5":0,"6":0,"7":0,"8":1,"9":0,"10":0,"11":0,"12":0,"13":0,"14":0,"15":0},"b":{"0":[0,0],"1":[1,0],"2":[1,0],"3":[0,1],"4":[0,1],"5":[0,1],"6":[0,1],"7":[0,0],"8":[0,0,0]},"_coverageSchema":"1a1c01bbd47fc00a2c39e90264f33305004495a9","hash":"4d82d9af1342d904bc4a7e3e22c6cad4c804cd28"}
,"C:\\Users\\User\\ChatbotCode\\App\\src\\screens\\Report\\index.js": {"path":"C:\\Users\\User\\ChatbotCode\\App\\src\\screens\\Report\\index.js","statementMap":{},"fnMap":{},"branchMap":{},"s":{},"f":{},"b":{}}
,"C:\\Users\\User\\ChatbotCode\\App\\src\\screens\\SignUpScreen\\SignUpScreen.js": {"path":"C:\\Users\\User\\ChatbotCode\\App\\src\\screens\\SignUpScreen\\SignUpScreen.js","statementMap":{"0":{"start":{"line":17,"column":21},"end":{"line":104,"column":1}},"1":{"start":{"line":18,"column":21},"end":{"line":18,"column":36}},"2":{"start":{"line":19,"column":28},"end":{"line":19,"column":40}},"3":{"start":{"line":20,"column":35},"end":{"line":20,"column":47}},"4":{"start":{"line":21,"column":38},"end":{"line":21,"column":50}},"5":{"start":{"line":23,"column":2},"end":{"line":32,"column":9}},"6":{"start":{"line":24,"column":23},"end":{"line":29,"column":6}},"7":{"start":{"line":25,"column":6},"end":{"line":28,"column":7}},"8":{"start":{"line":26,"column":8},"end":{"line":26,"column":48}},"9":{"start":{"line":27,"column":8},"end":{"line":27,"column":38}},"10":{"start":{"line":31,"column":4},"end":{"line":31,"column":22}},"11":{"start":{"line":34,"column":23},"end":{"line":42,"column":3}},"12":{"start":{"line":35,"column":4},"end":{"line":41,"column":46}},"13":{"start":{"line":37,"column":21},"end":{"line":37,"column":42}},"14":{"start":{"line":38,"column":8},"end":{"line":38,"column":38}},"15":{"start":{"line":39,"column":8},"end":{"line":39,"column":32}},"16":{"start":{"line":41,"column":24},"end":{"line":41,"column":44}},"17":{"start":{"line":44,"column":2},"end":{"line":103,"column":4}},"18":{"start":{"line":61,"column":34},"end":{"line":61,"column":48}},"19":{"start":{"line":70,"column":34},"end":{"line":70,"column":51}},"20":{"start":{"line":80,"column":34},"end":{"line":80,"column":54}},"21":{"start":{"line":88,"column":10},"end":{"line":90,"column":43}},"22":{"start":{"line":97,"column":10},"end":{"line":97,"column":40}},"23":{"start":{"line":105,"column":15},"end":{"line":157,"column":2}}},"fnMap":{"0":{"name":"(anonymous_0)","decl":{"start":{"line":17,"column":21},"end":{"line":17,"column":22}},"loc":{"start":{"line":17,"column":27},"end":{"line":104,"column":1}},"line":17},"1":{"name":"(anonymous_1)","decl":{"start":{"line":23,"column":12},"end":{"line":23,"column":13}},"loc":{"start":{"line":23,"column":18},"end":{"line":32,"column":3}},"line":23},"2":{"name":"(anonymous_2)","decl":{"start":{"line":24,"column":48},"end":{"line":24,"column":49}},"loc":{"start":{"line":24,"column":58},"end":{"line":29,"column":5}},"line":24},"3":{"name":"(anonymous_3)","decl":{"start":{"line":34,"column":23},"end":{"line":34,"column":24}},"loc":{"start":{"line":34,"column":29},"end":{"line":42,"column":3}},"line":34},"4":{"name":"(anonymous_4)","decl":{"start":{"line":36,"column":12},"end":{"line":36,"column":13}},"loc":{"start":{"line":36,"column":34},"end":{"line":40,"column":7}},"line":36},"5":{"name":"(anonymous_5)","decl":{"start":{"line":41,"column":13},"end":{"line":41,"column":14}},"loc":{"start":{"line":41,"column":24},"end":{"line":41,"column":44}},"line":41},"6":{"name":"(anonymous_6)","decl":{"start":{"line":61,"column":24},"end":{"line":61,"column":25}},"loc":{"start":{"line":61,"column":34},"end":{"line":61,"column":48}},"line":61},"7":{"name":"(anonymous_7)","decl":{"start":{"line":70,"column":24},"end":{"line":70,"column":25}},"loc":{"start":{"line":70,"column":34},"end":{"line":70,"column":51}},"line":70},"8":{"name":"(anonymous_8)","decl":{"start":{"line":80,"column":24},"end":{"line":80,"column":25}},"loc":{"start":{"line":80,"column":34},"end":{"line":80,"column":54}},"line":80},"9":{"name":"(anonymous_9)","decl":{"start":{"line":87,"column":17},"end":{"line":87,"column":18}},"loc":{"start":{"line":87,"column":23},"end":{"line":91,"column":9}},"line":87},"10":{"name":"(anonymous_10)","decl":{"start":{"line":96,"column":17},"end":{"line":96,"column":18}},"loc":{"start":{"line":96,"column":23},"end":{"line":98,"column":9}},"line":96}},"branchMap":{"0":{"loc":{"start":{"line":25,"column":6},"end":{"line":28,"column":7}},"type":"if","locations":[{"start":{"line":25,"column":6},"end":{"line":28,"column":7}},{"start":{},"end":{}}],"line":25},"1":{"loc":{"start":{"line":88,"column":10},"end":{"line":90,"column":42}},"type":"cond-expr","locations":[{"start":{"line":89,"column":14},"end":{"line":89,"column":28}},{"start":{"line":90,"column":14},"end":{"line":90,"column":42}}],"line":88}},"s":{"0":0,"1":0,"2":0,"3":0,"4":0,"5":0,"6":0,"7":0,"8":0,"9":0,"10":0,"11":0,"12":0,"13":0,"14":0,"15":0,"16":0,"17":0,"18":0,"19":0,"20":0,"21":0,"22":0,"23":0},"f":{"0":0,"1":0,"2":0,"3":0,"4":0,"5":0,"6":0,"7":0,"8":0,"9":0,"10":0},"b":{"0":[0,0],"1":[0,0]}}
,"C:\\Users\\User\\ChatbotCode\\App\\src\\screens\\SignUpScreen\\index.js": {"path":"C:\\Users\\User\\ChatbotCode\\App\\src\\screens\\SignUpScreen\\index.js","statementMap":{},"fnMap":{},"branchMap":{},"s":{},"f":{},"b":{}}
}
