TN:
SF:App.js
FN:7,(anonymous_0)
FNF:1
FNH:0
FNDA:0,(anonymous_0)
DA:7,0
DA:8,0
LF:2
LH:0
BRF:0
BRH:0
end_of_record
TN:
SF:src\firebase.js
FNF:0
FNH:0
DA:7,3
DA:17,3
DA:18,3
DA:19,3
LF:4
LH:4
BRF:0
BRH:0
end_of_record
TN:
SF:src\components\Navigator\StackBar.js
FN:16,MyStack
FN:42,(anonymous_1)
FN:51,(anonymous_2)
FN:61,(anonymous_3)
FN:73,(anonymous_4)
FN:85,(anonymous_5)
FN:97,StackNavigation
FNF:7
FNH:0
FNDA:0,MyStack
FNDA:0,(anonymous_1)
FNDA:0,(anonymous_2)
FNDA:0,(anonymous_3)
FNDA:0,(anonymous_4)
FNDA:0,(anonymous_5)
FNDA:0,StackNavigation
DA:14,0
DA:17,0
DA:42,0
DA:51,0
DA:61,0
DA:73,0
DA:85,0
DA:98,0
LF:8
LH:0
BRF:0
BRH:0
end_of_record
TN:
SF:src\components\Navigator\TobBarNavigator.js
FN:12,MyTab
FN:37,TopBarNavigator
FNF:2
FNH:0
FNDA:0,MyTab
FNDA:0,TopBarNavigator
DA:10,0
DA:13,0
DA:14,0
DA:38,0
LF:4
LH:0
BRF:0
BRH:0
end_of_record
TN:
SF:src\screens\Chat\Chat.js
FN:19,(anonymous_0)
FN:25,(anonymous_1)
FN:26,(anonymous_2)
FN:33,(anonymous_3)
FN:36,(anonymous_4)
FN:47,(anonymous_5)
FN:50,(anonymous_6)
FN:65,(anonymous_7)
FN:67,(anonymous_8)
FN:71,(anonymous_9)
FN:75,(anonymous_10)
FN:83,(anonymous_11)
FN:96,(anonymous_12)
FN:101,(anonymous_13)
FN:102,(anonymous_14)
FN:114,(anonymous_15)
FN:130,(anonymous_16)
FN:140,(anonymous_17)
FN:150,(anonymous_18)
FN:165,(anonymous_19)
FN:183,(anonymous_20)
FN:206,(anonymous_21)
FNF:22
FNH:10
FNDA:4,(anonymous_0)
FNDA:1,(anonymous_1)
FNDA:0,(anonymous_2)
FNDA:0,(anonymous_3)
FNDA:0,(anonymous_4)
FNDA:0,(anonymous_5)
FNDA:1,(anonymous_6)
FNDA:1,(anonymous_7)
FNDA:0,(anonymous_8)
FNDA:0,(anonymous_9)
FNDA:1,(anonymous_10)
FNDA:0,(anonymous_11)
FNDA:0,(anonymous_12)
FNDA:1,(anonymous_13)
FNDA:1,(anonymous_14)
FNDA:0,(anonymous_15)
FNDA:0,(anonymous_16)
FNDA:0,(anonymous_17)
FNDA:1,(anonymous_18)
FNDA:0,(anonymous_19)
FNDA:1,(anonymous_20)
FNDA:1,(anonymous_21)
DA:19,1
DA:20,4
DA:22,4
DA:23,4
DA:25,4
DA:26,1
DA:27,0
DA:33,0
DA:36,0
DA:39,0
DA:42,1
DA:47,1
DA:50,4
DA:51,1
DA:65,4
DA:66,1
DA:68,0
DA:69,0
DA:71,0
DA:75,4
DA:76,1
DA:82,1
DA:85,0
DA:93,0
DA:94,0
DA:97,0
DA:101,4
DA:102,1
DA:103,1
DA:107,4
DA:115,0
DA:116,0
DA:130,0
DA:140,0
DA:150,1
DA:165,0
DA:183,1
DA:207,1
DA:208,1
DA:218,1
LF:40
LH:24
BRDA:101,0,0,0
BRF:1
BRH:0
end_of_record
TN:
SF:src\screens\Chat\index.js
FNF:0
FNH:0
LF:0
LH:0
BRF:0
BRH:0
end_of_record
TN:
SF:src\screens\Help\Help.js
FN:6,(anonymous_0)
FN:9,(anonymous_1)
FN:24,(anonymous_2)
FN:25,(anonymous_3)
FN:34,(anonymous_4)
FNF:5
FNH:0
FNDA:0,(anonymous_0)
FNDA:0,(anonymous_1)
FNDA:0,(anonymous_2)
FNDA:0,(anonymous_3)
FNDA:0,(anonymous_4)
DA:6,0
DA:7,0
DA:9,0
DA:10,0
DA:24,0
DA:25,0
DA:26,0
DA:30,0
DA:34,0
DA:43,0
LF:10
LH:0
BRDA:24,0,0,0
BRF:1
BRH:0
end_of_record
TN:
SF:src\screens\Help\index.js
FNF:0
FNH:0
LF:0
LH:0
BRF:0
BRH:0
end_of_record
TN:
SF:src\screens\LogInScreen\LogInScreen.js
FN:14,(anonymous_0)
FN:19,(anonymous_1)
FN:20,(anonymous_2)
FN:30,(anonymous_3)
FN:32,(anonymous_4)
FN:37,(anonymous_5)
FN:58,(anonymous_6)
FN:69,(anonymous_7)
FN:84,(anonymous_8)
FNF:9
FNH:2
FNDA:1,(anonymous_0)
FNDA:0,(anonymous_1)
FNDA:0,(anonymous_2)
FNDA:1,(anonymous_3)
FNDA:0,(anonymous_4)
FNDA:0,(anonymous_5)
FNDA:0,(anonymous_6)
FNDA:0,(anonymous_7)
FNDA:0,(anonymous_8)
DA:14,1
DA:15,1
DA:16,1
DA:17,1
DA:19,1
DA:20,0
DA:21,0
DA:22,0
DA:23,0
DA:27,0
DA:30,1
DA:31,1
DA:33,0
DA:34,0
DA:35,0
DA:37,0
DA:40,1
DA:58,0
DA:69,0
DA:85,0
DA:95,1
LF:21
LH:9
BRDA:21,0,0,0
BRDA:21,0,1,0
BRF:2
BRH:0
end_of_record
TN:
SF:src\screens\LogInScreen\index.js
FNF:0
FNH:0
LF:0
LH:0
BRF:0
BRH:0
end_of_record
TN:
SF:src\screens\QueryBot\QueryBot.js
FN:19,(anonymous_0)
FN:25,(anonymous_1)
FN:26,(anonymous_2)
FN:33,(anonymous_3)
FN:36,(anonymous_4)
FN:47,(anonymous_5)
FN:50,(anonymous_6)
FN:65,(anonymous_7)
FN:67,(anonymous_8)
FN:71,(anonymous_9)
FN:75,(anonymous_10)
FN:83,(anonymous_11)
FN:96,(anonymous_12)
FN:101,(anonymous_13)
FN:102,(anonymous_14)
FN:113,(anonymous_15)
FN:132,(anonymous_16)
FN:142,(anonymous_17)
FN:151,(anonymous_18)
FN:166,(anonymous_19)
FN:183,(anonymous_20)
FN:205,(anonymous_21)
FNF:22
FNH:0
FNDA:0,(anonymous_0)
FNDA:0,(anonymous_1)
FNDA:0,(anonymous_2)
FNDA:0,(anonymous_3)
FNDA:0,(anonymous_4)
FNDA:0,(anonymous_5)
FNDA:0,(anonymous_6)
FNDA:0,(anonymous_7)
FNDA:0,(anonymous_8)
FNDA:0,(anonymous_9)
FNDA:0,(anonymous_10)
FNDA:0,(anonymous_11)
FNDA:0,(anonymous_12)
FNDA:0,(anonymous_13)
FNDA:0,(anonymous_14)
FNDA:0,(anonymous_15)
FNDA:0,(anonymous_16)
FNDA:0,(anonymous_17)
FNDA:0,(anonymous_18)
FNDA:0,(anonymous_19)
FNDA:0,(anonymous_20)
FNDA:0,(anonymous_21)
DA:19,0
DA:20,0
DA:22,0
DA:23,0
DA:25,0
DA:26,0
DA:27,0
DA:33,0
DA:36,0
DA:39,0
DA:42,0
DA:47,0
DA:50,0
DA:51,0
DA:65,0
DA:66,0
DA:68,0
DA:69,0
DA:71,0
DA:75,0
DA:76,0
DA:82,0
DA:85,0
DA:93,0
DA:94,0
DA:97,0
DA:101,0
DA:102,0
DA:103,0
DA:107,0
DA:114,0
DA:115,0
DA:132,0
DA:142,0
DA:151,0
DA:166,0
DA:183,0
DA:206,0
DA:207,0
DA:217,0
LF:40
LH:0
BRDA:101,0,0,0
BRF:1
BRH:0
end_of_record
TN:
SF:src\screens\QueryBot\index.js
FNF:0
FNH:0
LF:0
LH:0
BRF:0
BRH:0
end_of_record
TN:
SF:src\screens\Report\Report.js
FN:25,(anonymous_0)
FN:33,(anonymous_1)
FN:41,(anonymous_2)
FN:55,(anonymous_3)
FN:70,(anonymous_4)
FN:93,(anonymous_5)
FN:94,(anonymous_6)
FN:95,(anonymous_7)
FN:99,(anonymous_8)
FN:111,(anonymous_9)
FN:118,(anonymous_10)
FN:125,(anonymous_11)
FN:141,(anonymous_12)
FN:149,(anonymous_13)
FN:152,(anonymous_14)
FN:162,(anonymous_15)
FNF:16
FNH:2
FNDA:1,(anonymous_0)
FNDA:0,(anonymous_1)
FNDA:0,(anonymous_2)
FNDA:0,(anonymous_3)
FNDA:0,(anonymous_4)
FNDA:0,(anonymous_5)
FNDA:0,(anonymous_6)
FNDA:0,(anonymous_7)
FNDA:1,(anonymous_8)
FNDA:0,(anonymous_9)
FNDA:0,(anonymous_10)
FNDA:0,(anonymous_11)
FNDA:0,(anonymous_12)
FNDA:0,(anonymous_13)
FNDA:0,(anonymous_14)
FNDA:0,(anonymous_15)
DA:19,1
DA:25,1
DA:26,1
DA:27,1
DA:28,1
DA:29,1
DA:30,1
DA:33,1
DA:35,0
DA:36,0
DA:41,0
DA:49,1
DA:56,0
DA:57,0
DA:70,0
DA:93,0
DA:94,0
DA:96,0
DA:97,0
DA:100,1
DA:111,0
DA:118,0
DA:125,0
DA:142,0
DA:143,0
DA:149,0
DA:152,0
DA:156,0
DA:162,0
DA:177,1
LF:30
LH:11
BRDA:35,0,0,0
BRDA:35,0,1,0
BRDA:83,1,0,1
BRDA:83,1,1,0
BRDA:91,2,0,1
BRDA:91,2,1,0
BRDA:103,3,0,0
BRDA:103,3,1,1
BRDA:113,4,0,0
BRDA:113,4,1,1
BRDA:120,5,0,0
BRDA:120,5,1,1
BRDA:126,6,0,0
BRDA:126,6,1,1
BRDA:142,7,0,0
BRDA:142,7,1,0
BRDA:142,8,0,0
BRDA:142,8,1,0
BRDA:142,8,2,0
BRF:19
BRH:6
end_of_record
TN:
SF:src\screens\Report\index.js
FNF:0
FNH:0
LF:0
LH:0
BRF:0
BRH:0
end_of_record
TN:
SF:src\screens\SignUpScreen\SignUpScreen.js
FN:17,(anonymous_0)
FN:23,(anonymous_1)
FN:24,(anonymous_2)
FN:34,(anonymous_3)
FN:36,(anonymous_4)
FN:41,(anonymous_5)
FN:61,(anonymous_6)
FN:70,(anonymous_7)
FN:80,(anonymous_8)
FN:87,(anonymous_9)
FN:96,(anonymous_10)
FNF:11
FNH:0
FNDA:0,(anonymous_0)
FNDA:0,(anonymous_1)
FNDA:0,(anonymous_2)
FNDA:0,(anonymous_3)
FNDA:0,(anonymous_4)
FNDA:0,(anonymous_5)
FNDA:0,(anonymous_6)
FNDA:0,(anonymous_7)
FNDA:0,(anonymous_8)
FNDA:0,(anonymous_9)
FNDA:0,(anonymous_10)
DA:17,0
DA:18,0
DA:19,0
DA:20,0
DA:21,0
DA:23,0
DA:24,0
DA:25,0
DA:26,0
DA:27,0
DA:31,0
DA:34,0
DA:35,0
DA:37,0
DA:38,0
DA:39,0
DA:41,0
DA:44,0
DA:61,0
DA:70,0
DA:80,0
DA:88,0
DA:97,0
DA:105,0
LF:24
LH:0
BRDA:25,0,0,0
BRDA:25,0,1,0
BRDA:88,1,0,0
BRDA:88,1,1,0
BRF:4
BRH:0
end_of_record
TN:
SF:src\screens\SignUpScreen\index.js
FNF:0
FNH:0
LF:0
LH:0
BRF:0
BRH:0
end_of_record
